<?xml version="1.0" encoding="UTF-8"?>
<!-- Generated by org.testng.reporters.JUnitReportReporter -->
<testsuite hostname="DESKTOP-8TD18HC" failures="0" tests="2" name="Test.ExamClass.Form1" time="18.344" errors="0" timestamp="2022-12-16T21:45:00 BDT" skipped="0">
  <testcase classname="Test.ExamClass.Form1" name="openurl" time="9.828"/>
  <system-out/>
  <testcase classname="Test.ExamClass.Form1" name="fill" time="8.516"/>
  <system-out/>
</testsuite> <!-- Test.ExamClass.Form1 -->
