<?xml version="1.0" encoding="UTF-8"?>
<!-- Generated by org.testng.reporters.JUnitReportReporter -->
<testsuite hostname="DESKTOP-8TD18HC" failures="0" tests="2" name="Test.ExamClass.CheckBox" time="13.487" errors="0" timestamp="2022-12-16T22:07:03 BDT" skipped="0">
  <testcase classname="Test.ExamClass.CheckBox" name="openurl" time="8.319"/>
  <system-out/>
  <testcase classname="Test.ExamClass.CheckBox" name="radioButton" time="5.168"/>
  <system-out/>
</testsuite> <!-- Test.ExamClass.CheckBox -->
