<?xml version="1.0" encoding="UTF-8"?>
<!-- Generated by org.testng.reporters.JUnitReportReporter -->
<testsuite hostname="DESKTOP-8TD18HC" failures="0" tests="2" name="submission.ExamClass.Daraz" time="31.650" errors="0" timestamp="2022-12-16T22:59:14 BDT" skipped="0">
  <testcase classname="submission.ExamClass.Daraz" name="openurl" time="7.558"/>
  <system-out/>
  <testcase classname="submission.ExamClass.Daraz" name="hoverNav" time="24.092"/>
  <system-out/>
</testsuite> <!-- submission.ExamClass.Daraz -->
