<?xml version="1.0" encoding="UTF-8"?>
<!-- Generated by org.testng.reporters.JUnitReportReporter -->
<testsuite hostname="DESKTOP-8TD18HC" failures="0" tests="2" name="Test.ExamClass.Selection" time="8.844" errors="0" timestamp="2022-12-16T21:58:46 BDT" skipped="0">
  <testcase classname="Test.ExamClass.Selection" name="openurl" time="5.740"/>
  <system-out/>
  <testcase classname="Test.ExamClass.Selection" name="choice" time="3.104"/>
  <system-out/>
</testsuite> <!-- Test.ExamClass.Selection -->
